<?xml version="1.0" encoding="UTF-8"?>
<!-- Generated by org.testng.reporters.JUnitXMLReporter -->
<testsuite ignored="0" hostname="DESKTOP-49AN8FA" failures="0" tests="4" name="Surefire test" time="8.614" errors="0" timestamp="2026-04-07T08:56:30 SAST">
  <testcase classname="Tests.UserRegistrationTest" name="adminLoginTest" time="5.761"/>
  <testcase classname="Tests.UserRegistrationTest" name="userRegistration" time="1.074"/>
  <testcase classname="Tests.UserRegistrationTest" name="approveUserRegistration" time="0.268"/>
  <testcase classname="Tests.UserRegistrationTest" name="userLoginTest" time="0.711"/>
</testsuite> <!-- Surefire test -->
