<?xml version="1.0" encoding="UTF-8"?>
<testng-results ignored="0" total="4" passed="4" failed="0" skipped="0">
  <reporter-output>
  </reporter-output>
  <suite started-at="2026-04-07T08:56:21 SAST" name="Surefire suite" finished-at="2026-04-07T08:56:30 SAST" duration-ms="8614">
    <groups>
    </groups>
    <test started-at="2026-04-07T08:56:21 SAST" name="Surefire test" finished-at="2026-04-07T08:56:30 SAST" duration-ms="8614">
      <class name="Tests.UserRegistrationTest">
        <test-method is-config="true" signature="setup()[pri:0, instance:Tests.UserRegistrationTest@f09733f]" started-at="2026-04-07T08:56:21 SAST" name="setup" finished-at="2026-04-07T08:56:22 SAST" duration-ms="635" status="PASS">
          <reporter-output>
          </reporter-output>
        </test-method> <!-- setup -->
        <test-method signature="adminLoginTest()[pri:0, instance:Tests.UserRegistrationTest@f09733f]" started-at="2026-04-07T08:56:22 SAST" name="adminLoginTest" finished-at="2026-04-07T08:56:28 SAST" duration-ms="5761" status="PASS">
          <reporter-output>
          </reporter-output>
        </test-method> <!-- adminLoginTest -->
        <test-method signature="userRegistration()[pri:0, instance:Tests.UserRegistrationTest@f09733f]" started-at="2026-04-07T08:56:28 SAST" name="userRegistration" finished-at="2026-04-07T08:56:29 SAST" depends-on-methods="Tests.UserRegistrationTest.adminLoginTest" duration-ms="1074" status="PASS">
          <reporter-output>
          </reporter-output>
        </test-method> <!-- userRegistration -->
        <test-method signature="approveUserRegistration()[pri:0, instance:Tests.UserRegistrationTest@f09733f]" started-at="2026-04-07T08:56:29 SAST" name="approveUserRegistration" finished-at="2026-04-07T08:56:29 SAST" depends-on-methods="Tests.UserRegistrationTest.userRegistration" duration-ms="268" status="PASS">
          <reporter-output>
          </reporter-output>
        </test-method> <!-- approveUserRegistration -->
        <test-method signature="userLoginTest()[pri:0, instance:Tests.UserRegistrationTest@f09733f]" started-at="2026-04-07T08:56:29 SAST" name="userLoginTest" finished-at="2026-04-07T08:56:30 SAST" depends-on-methods="Tests.UserRegistrationTest.approveUserRegistration" duration-ms="711" status="PASS">
          <reporter-output>
          </reporter-output>
        </test-method> <!-- userLoginTest -->
      </class> <!-- Tests.UserRegistrationTest -->
    </test> <!-- Surefire test -->
  </suite> <!-- Surefire suite -->
</testng-results>
