<?xml version="1.0" encoding="UTF-8"?>
<!-- Generated by org.testng.reporters.JUnitReportReporter -->
<testsuite hostname="DESKTOP-49AN8FA" failures="0" tests="4" name="Tests.UserRegistrationTest" time="7.814" errors="0" timestamp="2026-04-07T08:56:30 SAST" skipped="0">
  <testcase classname="Tests.UserRegistrationTest" name="approveUserRegistration" time="0.268"/>
  <testcase classname="Tests.UserRegistrationTest" name="userLoginTest" time="0.711"/>
  <testcase classname="Tests.UserRegistrationTest" name="userRegistration" time="1.074"/>
  <testcase classname="Tests.UserRegistrationTest" name="adminLoginTest" time="5.761"/>
</testsuite> <!-- Tests.UserRegistrationTest -->
