<?xml version="1.0" encoding="UTF-8"?>
<!-- Generated by org.testng.reporters.JUnitReportReporter -->
<testsuite hostname="DESKTOP-49AN8FA" failures="0" tests="8" name="Tests.UserRegistrationTest" time="31.353" errors="0" timestamp="2026-04-19T10:10:29 SAST" skipped="0">
  <testcase classname="Tests.UserRegistrationTest" name="deleteUserTest" time="0.237"/>
  <testcase classname="Tests.UserRegistrationTest" name="userRegistration" time="9.973"/>
  <testcase classname="Tests.UserRegistrationTest" name="adminLoginTest" time="1.607"/>
  <testcase classname="Tests.UserRegistrationTest" name="verifyUserIsAdmin" time="3.655"/>
  <testcase classname="Tests.UserRegistrationTest" name="userLoginTest" time="4.130"/>
  <testcase classname="Tests.UserRegistrationTest" name="approveUserRegistration" time="5.453"/>
  <testcase classname="Tests.UserRegistrationTest" name="loginAsAdmin" time="0.886"/>
  <testcase classname="Tests.UserRegistrationTest" name="makeUserAdmin" time="5.412"/>
</testsuite> <!-- Tests.UserRegistrationTest -->
